<?xml version="1.0" encoding="UTF-8"?>
<!-- Generated by org.testng.reporters.JUnitXMLReporter -->
<testsuite ignored="0" hostname="IND-WS-00089" failures="0" tests="3" name="Default test" time="4.94" errors="0" timestamp="2021-06-27T14:09:44 IST">
  <testcase classname="com.serialize.test.RestApiTest" name="createResource" time="2.515"/>
  <testcase classname="com.serialize.test.RestApiTest" name="createResource" time="0.664"/>
  <testcase classname="com.serialize.test.RestApiTest" name="deleteResource" time="1.725"/>
</testsuite> <!-- Default test -->
