<?xml version="1.0" encoding="UTF-8"?>
<!-- Generated by org.testng.reporters.JUnitXMLReporter -->
<testsuite ignored="0" hostname="IND-WS-00089" failures="0" tests="3" name="Test" time="4.378" errors="0" timestamp="2021-06-27T23:03:24 IST">
  <testcase classname="com.serialize.test.RestApiTest" name="createResource" time="2.87"/>
  <testcase classname="com.serialize.test.RestApiTest" name="createResource" time="0.739"/>
  <testcase classname="com.serialize.test.RestApiTest" name="deleteResource" time="0.726"/>
</testsuite> <!-- Test -->
