<?xml version="1.0" encoding="UTF-8"?>
<testsuite xmlns:xsi="http://www.w3.org/2001/XMLSchema-instance" xsi:noNamespaceSchemaLocation="https://maven.apache.org/surefire/maven-surefire-plugin/xsd/surefire-test-report.xsd" name="TestSuite" time="4.9" tests="3" errors="0" skipped="0" failures="0">
  <properties>
[...]
</properties>
  <testcase name="createResource" classname="com.serialize.test.RestApiTest" time="2.876"/>
  <testcase name="createResource" classname="com.serialize.test.RestApiTest" time="0.748"/>
  <testcase name="deleteResource" classname="com.serialize.test.RestApiTest" time="0.714"/>
</testsuite>