<?xml version="1.0" encoding="UTF-8"?>
<testng-results ignored="0" total="3" passed="3" failed="0" skipped="0">
  <reporter-output>
  </reporter-output>
  <suite started-at="2021-06-27T23:03:19 IST" name="Suite" finished-at="2021-06-27T23:03:24 IST" duration-ms="4378">
    <groups>
    </groups>
    <test started-at="2021-06-27T23:03:19 IST" name="Test" finished-at="2021-06-27T23:03:24 IST" duration-ms="4378">
      <class name="com.serialize.test.RestApiTest">
        <test-method signature="createResource(java.lang.String, java.lang.String, int)[pri:0, instance:com.serialize.test.RestApiTest@20d525]" started-at="2021-06-27T23:03:19 IST" name="createResource" data-provider="resourceData" finished-at="2021-06-27T23:03:22 IST" duration-ms="2870" status="PASS">
          <params>
            <param index="0">
              <value>
                <![CDATA[Mercedes benz]]>
              </value>
            </param>
            <param index="1">
              <value>
                <![CDATA[G-Wagon]]>
              </value>
            </param>
            <param index="2">
              <value>
                <![CDATA[5]]>
              </value>
            </param>
          </params>
          <reporter-output>
          </reporter-output>
        </test-method> <!-- createResource -->
        <test-method signature="createResource(java.lang.String, java.lang.String, int)[pri:0, instance:com.serialize.test.RestApiTest@20d525]" started-at="2021-06-27T23:03:22 IST" name="createResource" data-provider="resourceData" finished-at="2021-06-27T23:03:23 IST" duration-ms="739" status="PASS">
          <params>
            <param index="0">
              <value>
                <![CDATA[Lamborghini]]>
              </value>
            </param>
            <param index="1">
              <value>
                <![CDATA[Aventador]]>
              </value>
            </param>
            <param index="2">
              <value>
                <![CDATA[6]]>
              </value>
            </param>
          </params>
          <reporter-output>
          </reporter-output>
        </test-method> <!-- createResource -->
        <test-method signature="deleteResource()[pri:0, instance:com.serialize.test.RestApiTest@20d525]" started-at="2021-06-27T23:03:23 IST" name="deleteResource" finished-at="2021-06-27T23:03:24 IST" duration-ms="726" status="PASS">
          <reporter-output>
          </reporter-output>
        </test-method> <!-- deleteResource -->
      </class> <!-- com.serialize.test.RestApiTest -->
    </test> <!-- Test -->
  </suite> <!-- Suite -->
</testng-results>
